{"name":"hexo","hostname":"ywtana","pid":21976,"level":20,"msg":"Writing database to E:\\soft\\github\\hexo\\blog/db.json","time":"2020-08-07T14:24:37.317Z","v":0}
{"name":"hexo","hostname":"ywtana","pid":21976,"level":20,"msg":"Hexo version: \u001b[35m3.9.0\u001b[39m","time":"2020-08-07T14:24:37.343Z","v":0}
{"name":"hexo","hostname":"ywtana","pid":21976,"level":20,"msg":"Working directory: \u001b[35mE:\\soft\\github\\hexo\\blog\\\u001b[39m","time":"2020-08-07T14:24:37.344Z","v":0}
{"name":"hexo","hostname":"ywtana","pid":21976,"level":20,"msg":"Config loaded: \u001b[35mE:\\soft\\github\\hexo\\blog\\_config.yml\u001b[39m","time":"2020-08-07T14:24:37.627Z","v":0}
{"name":"hexo","hostname":"ywtana","pid":21976,"level":20,"msg":"Plugin loaded: \u001b[35mhexo-admin\u001b[39m","time":"2020-08-07T14:24:37.967Z","v":0}
{"name":"hexo","hostname":"ywtana","pid":21976,"level":20,"msg":"Plugin loaded: \u001b[35mhexo-algoliasearch\u001b[39m","time":"2020-08-07T14:24:37.971Z","v":0}
{"name":"hexo","hostname":"ywtana","pid":21976,"level":20,"msg":"Plugin loaded: \u001b[35mhexo-asset-image\u001b[39m","time":"2020-08-07T14:24:38.079Z","v":0}
{"name":"hexo","hostname":"ywtana","pid":21976,"level":20,"msg":"Plugin loaded: \u001b[35mhexo-baidu-url-submit\u001b[39m","time":"2020-08-07T14:24:38.116Z","v":0}
{"name":"hexo","hostname":"ywtana","pid":21976,"level":20,"msg":"Plugin loaded: \u001b[35mhexo-deployer-git\u001b[39m","time":"2020-08-07T14:24:38.258Z","v":0}
{"name":"hexo","hostname":"ywtana","pid":21976,"level":20,"msg":"Plugin loaded: \u001b[35mhexo-generator-archive\u001b[39m","time":"2020-08-07T14:24:38.289Z","v":0}
{"name":"hexo","hostname":"ywtana","pid":21976,"level":20,"msg":"Plugin loaded: \u001b[35mhexo-generator-baidu-sitemap\u001b[39m","time":"2020-08-07T14:24:38.307Z","v":0}
{"name":"hexo","hostname":"ywtana","pid":21976,"level":20,"msg":"Plugin loaded: \u001b[35mhexo-generator-category\u001b[39m","time":"2020-08-07T14:24:38.317Z","v":0}
{"name":"hexo","hostname":"ywtana","pid":21976,"level":20,"msg":"Plugin loaded: \u001b[35mhexo-generator-feed\u001b[39m","time":"2020-08-07T14:24:38.330Z","v":0}
{"name":"hexo","hostname":"ywtana","pid":21976,"level":20,"msg":"Plugin loaded: \u001b[35mhexo-generator-index\u001b[39m","time":"2020-08-07T14:24:38.340Z","v":0}
{"name":"hexo","hostname":"ywtana","pid":21976,"level":20,"msg":"Plugin loaded: \u001b[35mhexo-generator-json-content\u001b[39m","time":"2020-08-07T14:24:38.853Z","v":0}
{"name":"hexo","hostname":"ywtana","pid":21976,"level":20,"msg":"Plugin loaded: \u001b[35mhexo-generator-search\u001b[39m","time":"2020-08-07T14:24:38.863Z","v":0}
{"name":"hexo","hostname":"ywtana","pid":21976,"level":20,"msg":"Plugin loaded: \u001b[35mhexo-generator-seo-friendly-sitemap\u001b[39m","time":"2020-08-07T14:24:38.891Z","v":0}
{"name":"hexo","hostname":"ywtana","pid":21976,"level":20,"msg":"Plugin loaded: \u001b[35mhexo-generator-tag\u001b[39m","time":"2020-08-07T14:24:38.899Z","v":0}
{"name":"hexo","hostname":"ywtana","pid":21976,"level":20,"msg":"Plugin loaded: \u001b[35mhexo-renderer-ejs\u001b[39m","time":"2020-08-07T14:24:38.916Z","v":0}
{"name":"hexo","hostname":"ywtana","pid":21976,"level":20,"msg":"Plugin loaded: \u001b[35mhexo-renderer-marked\u001b[39m","time":"2020-08-07T14:24:38.930Z","v":0}
{"name":"hexo","hostname":"ywtana","pid":21976,"level":20,"msg":"Plugin loaded: \u001b[35mhexo-renderer-stylus\u001b[39m","time":"2020-08-07T14:24:38.933Z","v":0}
{"name":"hexo","hostname":"ywtana","pid":21976,"level":20,"msg":"Plugin loaded: \u001b[35mhexo-server\u001b[39m","time":"2020-08-07T14:24:39.022Z","v":0}
{"name":"hexo","hostname":"ywtana","pid":21976,"level":20,"msg":"Loading database.","time":"2020-08-07T14:24:39.053Z","v":0}
{"name":"hexo","hostname":"ywtana","pid":21976,"level":30,"msg":"Start processing","time":"2020-08-07T14:24:39.309Z","v":0}
{"name":"hexo","hostname":"ywtana","pid":21976,"level":20,"msg":"Processed: \u001b[35m404/index.md\u001b[39m","time":"2020-08-07T14:24:39.493Z","v":0}
{"name":"hexo","hostname":"ywtana","pid":21976,"level":20,"msg":"Processed: \u001b[35m_posts/-jenkins-配置git证书.md\u001b[39m","time":"2020-08-07T14:24:39.495Z","v":0}
{"name":"hexo","hostname":"ywtana","pid":21976,"level":20,"msg":"Processed: \u001b[35m_posts/-jenkins-配置maven打包git代码.md\u001b[39m","time":"2020-08-07T14:24:39.498Z","v":0}
{"name":"hexo","hostname":"ywtana","pid":21976,"level":20,"msg":"Processed: \u001b[35m_posts/A问题.md\u001b[39m","time":"2020-08-07T14:24:39.498Z","v":0}
{"name":"hexo","hostname":"ywtana","pid":21976,"level":20,"msg":"Processed: \u001b[35m_posts/Red-Hat-升级-rpm软件、YUM软件（root用户）.md\u001b[39m","time":"2020-08-07T14:24:39.499Z","v":0}
{"name":"hexo","hostname":"ywtana","pid":21976,"level":20,"msg":"Processed: \u001b[35m_posts/Singleton.md\u001b[39m","time":"2020-08-07T14:24:39.501Z","v":0}
{"name":"hexo","hostname":"ywtana","pid":21976,"level":20,"msg":"Processed: \u001b[35m_posts/SpringSession源码.md\u001b[39m","time":"2020-08-07T14:24:39.502Z","v":0}
{"name":"hexo","hostname":"ywtana","pid":21976,"level":20,"msg":"Processed: \u001b[35m_posts/acheHttpd日志说明.md\u001b[39m","time":"2020-08-07T14:24:39.503Z","v":0}
{"name":"hexo","hostname":"ywtana","pid":21976,"level":20,"msg":"Processed: \u001b[35m_posts/ava-查看占用-CPU-最高的线程.md\u001b[39m","time":"2020-08-07T14:24:39.503Z","v":0}
{"name":"hexo","hostname":"ywtana","pid":21976,"level":20,"msg":"Processed: \u001b[35m_posts/bbitMq.md\u001b[39m","time":"2020-08-07T14:24:39.505Z","v":0}
{"name":"hexo","hostname":"ywtana","pid":21976,"level":20,"msg":"Processed: \u001b[35m_posts/docker的使用.md\u001b[39m","time":"2020-08-07T14:24:39.507Z","v":0}
{"name":"hexo","hostname":"ywtana","pid":21976,"level":20,"msg":"Processed: \u001b[35m_posts/enkinx-配置任务.md\u001b[39m","time":"2020-08-07T14:24:39.509Z","v":0}
{"name":"hexo","hostname":"ywtana","pid":21976,"level":20,"msg":"Processed: \u001b[35m_posts/gtmetix.md\u001b[39m","time":"2020-08-07T14:24:39.510Z","v":0}
{"name":"hexo","hostname":"ywtana","pid":21976,"level":20,"msg":"Processed: \u001b[35m_posts/hymeleaf学习的坑.md\u001b[39m","time":"2020-08-07T14:24:39.511Z","v":0}
{"name":"hexo","hostname":"ywtana","pid":21976,"level":20,"msg":"Processed: \u001b[35m_posts/hexo git.md\u001b[39m","time":"2020-08-07T14:24:39.512Z","v":0}
{"name":"hexo","hostname":"ywtana","pid":21976,"level":20,"msg":"Processed: \u001b[35m_posts/lr教程.md\u001b[39m","time":"2020-08-07T14:24:39.513Z","v":0}
{"name":"hexo","hostname":"ywtana","pid":21976,"level":20,"msg":"Processed: \u001b[35m_posts/ocker-mysql.md\u001b[39m","time":"2020-08-07T14:24:39.514Z","v":0}
{"name":"hexo","hostname":"ywtana","pid":21976,"level":20,"msg":"Processed: \u001b[35m_posts/olr的主从模式Master-Slave.md\u001b[39m","time":"2020-08-07T14:24:39.515Z","v":0}
{"name":"hexo","hostname":"ywtana","pid":21976,"level":20,"msg":"Processed: \u001b[35m_posts/omcat-三种部署方式.md\u001b[39m","time":"2020-08-07T14:24:39.518Z","v":0}
{"name":"hexo","hostname":"ywtana","pid":21976,"level":20,"msg":"Processed: \u001b[35m_posts/pring-admin配置.md\u001b[39m","time":"2020-08-07T14:24:39.520Z","v":0}
{"name":"hexo","hostname":"ywtana","pid":21976,"level":20,"msg":"Processed: \u001b[35m_posts/pringSession源码（二）.md\u001b[39m","time":"2020-08-07T14:24:39.521Z","v":0}
{"name":"hexo","hostname":"ywtana","pid":21976,"level":20,"msg":"Processed: \u001b[35m_posts/rabbitmq-队列信息.md\u001b[39m","time":"2020-08-07T14:24:39.522Z","v":0}
{"name":"hexo","hostname":"ywtana","pid":21976,"level":20,"msg":"Processed: \u001b[35m_posts/ring-cloud-docker-git-maven-jenkins-Kubernetes-目录.md\u001b[39m","time":"2020-08-07T14:24:39.522Z","v":0}
{"name":"hexo","hostname":"ywtana","pid":21976,"level":20,"msg":"Processed: \u001b[35m_posts/ring-config-bus.md\u001b[39m","time":"2020-08-07T14:24:39.523Z","v":0}
{"name":"hexo","hostname":"ywtana","pid":21976,"level":20,"msg":"Processed: \u001b[35m_posts/ring-session（1）.md\u001b[39m","time":"2020-08-07T14:24:39.524Z","v":0}
{"name":"hexo","hostname":"ywtana","pid":21976,"level":20,"msg":"Processed: \u001b[35m_posts/spring源码编译.md\u001b[39m","time":"2020-08-07T14:24:39.528Z","v":0}
{"name":"hexo","hostname":"ywtana","pid":21976,"level":20,"msg":"Processed: \u001b[35m_posts/sttemplate-问题.md\u001b[39m","time":"2020-08-07T14:24:39.529Z","v":0}
{"name":"hexo","hostname":"ywtana","pid":21976,"level":20,"msg":"Processed: \u001b[35m_posts/tch-坑.md\u001b[39m","time":"2020-08-07T14:24:39.531Z","v":0}
{"name":"hexo","hostname":"ywtana","pid":21976,"level":20,"msg":"Processed: \u001b[35m_posts/tepad-compare.md\u001b[39m","time":"2020-08-07T14:24:39.531Z","v":0}
{"name":"hexo","hostname":"ywtana","pid":21976,"level":20,"msg":"Processed: \u001b[35m_posts/windows下atom上搭建PlantUML书写环境.md\u001b[39m","time":"2020-08-07T14:24:39.532Z","v":0}
{"name":"hexo","hostname":"ywtana","pid":21976,"level":20,"msg":"Processed: \u001b[35m_posts/三）linux-安装-GIT（root用户）.md\u001b[39m","time":"2020-08-07T14:24:39.626Z","v":0}
{"name":"hexo","hostname":"ywtana","pid":21976,"level":20,"msg":"Processed: \u001b[35m_posts/九-linux配置java和maven.md\u001b[39m","time":"2020-08-07T14:24:39.634Z","v":0}
{"name":"hexo","hostname":"ywtana","pid":21976,"level":20,"msg":"Processed: \u001b[35m_posts/七）maven-build-docker-and-push-Image.md\u001b[39m","time":"2020-08-07T14:24:39.639Z","v":0}
{"name":"hexo","hostname":"ywtana","pid":21976,"level":20,"msg":"Processed: \u001b[35m_posts/具集.md\u001b[39m","time":"2020-08-07T14:24:39.645Z","v":0}
{"name":"hexo","hostname":"ywtana","pid":21976,"level":20,"msg":"Processed: \u001b[35m_posts/升工作效率.md\u001b[39m","time":"2020-08-07T14:24:39.649Z","v":0}
{"name":"hexo","hostname":"ywtana","pid":21976,"level":20,"msg":"Processed: \u001b[35m_posts/安装jenkins.md\u001b[39m","time":"2020-08-07T14:24:39.652Z","v":0}
{"name":"hexo","hostname":"ywtana","pid":21976,"level":20,"msg":"Processed: \u001b[35m_posts/那些提升开发人员工作效率的在线工具.md\u001b[39m","time":"2020-08-07T14:24:39.658Z","v":0}
{"name":"hexo","hostname":"ywtana","pid":21976,"level":20,"msg":"Processed: \u001b[35m_posts/（六）docker安装本地仓库（root用户）.md\u001b[39m","time":"2020-08-07T14:24:39.661Z","v":0}
{"name":"hexo","hostname":"ywtana","pid":21976,"level":20,"msg":"Processed: \u001b[35m_posts/（四）安装docker（root用户）.md\u001b[39m","time":"2020-08-07T14:24:39.664Z","v":0}
{"name":"hexo","hostname":"ywtana","pid":21976,"level":20,"msg":"Processed: \u001b[35m_posts/）oracle-VM安装red-hat-liunx.md\u001b[39m","time":"2020-08-07T14:24:39.670Z","v":0}
{"name":"hexo","hostname":"ywtana","pid":21976,"level":20,"msg":"Processed: \u001b[35m_posts/）更新docker-版本（root用户）.md\u001b[39m","time":"2020-08-07T14:24:39.673Z","v":0}
{"name":"hexo","hostname":"ywtana","pid":21976,"level":20,"msg":"Processed: \u001b[35mabout/index-1.md\u001b[39m","time":"2020-08-07T14:24:39.677Z","v":0}
{"name":"hexo","hostname":"ywtana","pid":21976,"level":20,"msg":"Processed: \u001b[35mabout/index.md\u001b[39m","time":"2020-08-07T14:24:39.684Z","v":0}
{"name":"hexo","hostname":"ywtana","pid":21976,"level":20,"msg":"Processed: \u001b[35mtags/index.md\u001b[39m","time":"2020-08-07T14:24:39.686Z","v":0}
{"name":"hexo","hostname":"ywtana","pid":21976,"level":20,"msg":"Processed: \u001b[35mimages/pasted-0.png\u001b[39m","time":"2020-08-07T14:24:39.766Z","v":0}
{"name":"hexo","hostname":"ywtana","pid":21976,"level":20,"msg":"Processed: \u001b[35mimages/pasted-1.png\u001b[39m","time":"2020-08-07T14:24:39.768Z","v":0}
{"name":"hexo","hostname":"ywtana","pid":21976,"level":20,"msg":"Processed: \u001b[35msource/apple-touch-icon.png\u001b[39m","time":"2020-08-07T14:24:39.773Z","v":0}
{"name":"hexo","hostname":"ywtana","pid":21976,"level":20,"msg":"Theme config loaded.","time":"2020-08-07T14:24:39.992Z","v":0}
{"name":"hexo","hostname":"ywtana","pid":21976,"level":20,"msg":"Processed: \u001b[35m_posts/exo git/1.jpeg\u001b[39m","time":"2020-08-07T14:24:40.005Z","v":0}
{"name":"hexo","hostname":"ywtana","pid":21976,"level":20,"msg":"Processed: \u001b[35m_posts/exo git/2.png\u001b[39m","time":"2020-08-07T14:24:40.005Z","v":0}
{"name":"hexo","hostname":"ywtana","pid":21976,"level":20,"msg":"Processed: \u001b[35m_posts/exo git/3.png\u001b[39m","time":"2020-08-07T14:24:40.007Z","v":0}
{"name":"hexo","hostname":"ywtana","pid":21976,"level":20,"msg":"Processed: \u001b[35m_posts/exo git/head.jpg\u001b[39m","time":"2020-08-07T14:24:40.008Z","v":0}
{"name":"hexo","hostname":"ywtana","pid":21976,"level":20,"msg":"Processed: \u001b[35m_config.yml\u001b[39m","time":"2020-08-07T14:24:40.013Z","v":0}
{"name":"hexo","hostname":"ywtana","pid":21976,"level":20,"msg":"Processed: \u001b[35m_posts/gtmetix/1.jpg\u001b[39m","time":"2020-08-07T14:24:40.013Z","v":0}
{"name":"hexo","hostname":"ywtana","pid":21976,"level":20,"msg":"Processed: \u001b[35m_posts/hexo git/1.jpeg\u001b[39m","time":"2020-08-07T14:24:40.016Z","v":0}
{"name":"hexo","hostname":"ywtana","pid":21976,"level":20,"msg":"Processed: \u001b[35m_posts/hexo git/2.png\u001b[39m","time":"2020-08-07T14:24:40.019Z","v":0}
{"name":"hexo","hostname":"ywtana","pid":21976,"level":20,"msg":"Processed: \u001b[35m_posts/hexo git/3.png\u001b[39m","time":"2020-08-07T14:24:40.021Z","v":0}
{"name":"hexo","hostname":"ywtana","pid":21976,"level":20,"msg":"Processed: \u001b[35msource/background/bg-2.jpg\u001b[39m","time":"2020-08-07T14:24:40.044Z","v":0}
{"name":"hexo","hostname":"ywtana","pid":21976,"level":20,"msg":"Processed: \u001b[35msource/background/bg-3.jpg\u001b[39m","time":"2020-08-07T14:24:40.045Z","v":0}
{"name":"hexo","hostname":"ywtana","pid":21976,"level":20,"msg":"Processed: \u001b[35msource/background/bg-4.jpg\u001b[39m","time":"2020-08-07T14:24:40.048Z","v":0}
{"name":"hexo","hostname":"ywtana","pid":21976,"level":20,"msg":"Processed: \u001b[35msource/css/style.styl\u001b[39m","time":"2020-08-07T14:24:40.049Z","v":0}
{"name":"hexo","hostname":"ywtana","pid":21976,"level":20,"msg":"Processed: \u001b[35msource/img/AcFun.png\u001b[39m","time":"2020-08-07T14:24:40.050Z","v":0}
{"name":"hexo","hostname":"ywtana","pid":21976,"level":20,"msg":"Processed: \u001b[35msource/img/CSDN.png\u001b[39m","time":"2020-08-07T14:24:40.052Z","v":0}
{"name":"hexo","hostname":"ywtana","pid":21976,"level":20,"msg":"Processed: \u001b[35msource/img/Coding.png\u001b[39m","time":"2020-08-07T14:24:40.053Z","v":0}
{"name":"hexo","hostname":"ywtana","pid":21976,"level":20,"msg":"Processed: \u001b[35msource/img/LOFTER.png\u001b[39m","time":"2020-08-07T14:24:40.054Z","v":0}
{"name":"hexo","hostname":"ywtana","pid":21976,"level":20,"msg":"Processed: \u001b[35msource/img/Plunker.png\u001b[39m","time":"2020-08-07T14:24:40.056Z","v":0}
{"name":"hexo","hostname":"ywtana","pid":21976,"level":20,"msg":"Processed: \u001b[35msource/img/Quora.png\u001b[39m","time":"2020-08-07T14:24:40.062Z","v":0}
{"name":"hexo","hostname":"ywtana","pid":21976,"level":20,"msg":"Processed: \u001b[35msource/img/SegmentFault.png\u001b[39m","time":"2020-08-07T14:24:40.063Z","v":0}
{"name":"hexo","hostname":"ywtana","pid":21976,"level":20,"msg":"Processed: \u001b[35msource/img/TiddlyWiki.png\u001b[39m","time":"2020-08-07T14:24:40.064Z","v":0}
{"name":"hexo","hostname":"ywtana","pid":21976,"level":20,"msg":"Processed: \u001b[35msource/img/V2EX.png\u001b[39m","time":"2020-08-07T14:24:40.066Z","v":0}
{"name":"hexo","hostname":"ywtana","pid":21976,"level":20,"msg":"Processed: \u001b[35msource/img/avatar.png\u001b[39m","time":"2020-08-07T14:24:40.067Z","v":0}
{"name":"hexo","hostname":"ywtana","pid":21976,"level":20,"msg":"Processed: \u001b[35msource/img/bilibili.png\u001b[39m","time":"2020-08-07T14:24:40.070Z","v":0}
{"name":"hexo","hostname":"ywtana","pid":21976,"level":20,"msg":"Processed: \u001b[35msource/img/head.jpg\u001b[39m","time":"2020-08-07T14:24:40.071Z","v":0}
{"name":"hexo","hostname":"ywtana","pid":21976,"level":20,"msg":"Processed: \u001b[35msource/img/niconico.png\u001b[39m","time":"2020-08-07T14:24:40.072Z","v":0}
{"name":"hexo","hostname":"ywtana","pid":21976,"level":20,"msg":"Processed: \u001b[35msource/img/scrollbar_arrow.png\u001b[39m","time":"2020-08-07T14:24:40.074Z","v":0}
{"name":"hexo","hostname":"ywtana","pid":21976,"level":20,"msg":"Processed: \u001b[35msource/img/wechat.jpg\u001b[39m","time":"2020-08-07T14:24:40.075Z","v":0}
{"name":"hexo","hostname":"ywtana","pid":21976,"level":20,"msg":"Processed: \u001b[35msource/img/博客园.png\u001b[39m","time":"2020-08-07T14:24:40.077Z","v":0}
{"name":"hexo","hostname":"ywtana","pid":21976,"level":20,"msg":"Processed: \u001b[35msource/img/新浪微博.png\u001b[39m","time":"2020-08-07T14:24:40.079Z","v":0}
{"name":"hexo","hostname":"ywtana","pid":21976,"level":20,"msg":"Processed: \u001b[35msource/img/知乎.png\u001b[39m","time":"2020-08-07T14:24:40.081Z","v":0}
{"name":"hexo","hostname":"ywtana","pid":21976,"level":20,"msg":"Processed: \u001b[35msource/img/简书.png\u001b[39m","time":"2020-08-07T14:24:40.083Z","v":0}
{"name":"hexo","hostname":"ywtana","pid":21976,"level":20,"msg":"Processed: \u001b[35msource/img/网易云音乐.png\u001b[39m","time":"2020-08-07T14:24:40.084Z","v":0}
{"name":"hexo","hostname":"ywtana","pid":21976,"level":20,"msg":"Processed: \u001b[35msource/img/虾米音乐.png\u001b[39m","time":"2020-08-07T14:24:40.085Z","v":0}
{"name":"hexo","hostname":"ywtana","pid":21976,"level":20,"msg":"Processed: \u001b[35msource/img/豆瓣.png\u001b[39m","time":"2020-08-07T14:24:40.087Z","v":0}
{"name":"hexo","hostname":"ywtana","pid":21976,"level":20,"msg":"Processed: \u001b[35msource/js/GithubRepoWidget.js\u001b[39m","time":"2020-08-07T14:24:40.093Z","v":0}
{"name":"hexo","hostname":"ywtana","pid":21976,"level":20,"msg":"Processed: \u001b[35msource/js/instagram.js\u001b[39m","time":"2020-08-07T14:24:40.095Z","v":0}
{"name":"hexo","hostname":"ywtana","pid":21976,"level":20,"msg":"Processed: \u001b[35msource/js/main.js\u001b[39m","time":"2020-08-07T14:24:40.096Z","v":0}
{"name":"hexo","hostname":"ywtana","pid":21976,"level":20,"msg":"Processed: \u001b[35msource/js/mobile.js\u001b[39m","time":"2020-08-07T14:24:40.098Z","v":0}
{"name":"hexo","hostname":"ywtana","pid":21976,"level":20,"msg":"Processed: \u001b[35msource/js/pc.js\u001b[39m","time":"2020-08-07T14:24:40.099Z","v":0}
{"name":"hexo","hostname":"ywtana","pid":21976,"level":20,"msg":"Processed: \u001b[35msource/js/search.js\u001b[39m","time":"2020-08-07T14:24:40.100Z","v":0}
{"name":"hexo","hostname":"ywtana","pid":21976,"level":20,"msg":"Processed: \u001b[35msource/js/toc.js\u001b[39m","time":"2020-08-07T14:24:40.104Z","v":0}
{"name":"hexo","hostname":"ywtana","pid":21976,"level":20,"msg":"Processed: \u001b[35mlayout/archive.ejs\u001b[39m","time":"2020-08-07T14:24:40.132Z","v":0}
{"name":"hexo","hostname":"ywtana","pid":21976,"level":20,"msg":"Processed: \u001b[35mlayout/category.ejs\u001b[39m","time":"2020-08-07T14:24:40.133Z","v":0}
{"name":"hexo","hostname":"ywtana","pid":21976,"level":20,"msg":"Processed: \u001b[35mlayout/index.ejs\u001b[39m","time":"2020-08-07T14:24:40.136Z","v":0}
{"name":"hexo","hostname":"ywtana","pid":21976,"level":20,"msg":"Processed: \u001b[35mlayout/layout.ejs\u001b[39m","time":"2020-08-07T14:24:40.137Z","v":0}
{"name":"hexo","hostname":"ywtana","pid":21976,"level":20,"msg":"Processed: \u001b[35mlayout/page.ejs\u001b[39m","time":"2020-08-07T14:24:40.138Z","v":0}
{"name":"hexo","hostname":"ywtana","pid":21976,"level":20,"msg":"Processed: \u001b[35mlayout/post.ejs\u001b[39m","time":"2020-08-07T14:24:40.140Z","v":0}
{"name":"hexo","hostname":"ywtana","pid":21976,"level":20,"msg":"Processed: \u001b[35mlayout/tag.ejs\u001b[39m","time":"2020-08-07T14:24:40.141Z","v":0}
{"name":"hexo","hostname":"ywtana","pid":21976,"level":20,"msg":"Processed: \u001b[35mlanguages/default.yml\u001b[39m","time":"2020-08-07T14:24:40.152Z","v":0}
{"name":"hexo","hostname":"ywtana","pid":21976,"level":20,"msg":"Processed: \u001b[35mlanguages/en.yml\u001b[39m","time":"2020-08-07T14:24:40.153Z","v":0}
{"name":"hexo","hostname":"ywtana","pid":21976,"level":20,"msg":"Processed: \u001b[35mlanguages/zh-Hans.yml\u001b[39m","time":"2020-08-07T14:24:40.154Z","v":0}
{"name":"hexo","hostname":"ywtana","pid":21976,"level":20,"msg":"Processed: \u001b[35mlanguages/zh-Hant-HK.yml\u001b[39m","time":"2020-08-07T14:24:40.157Z","v":0}
{"name":"hexo","hostname":"ywtana","pid":21976,"level":20,"msg":"Processed: \u001b[35mlanguages/zh-Hant-TW.yml\u001b[39m","time":"2020-08-07T14:24:40.159Z","v":0}
{"name":"hexo","hostname":"ywtana","pid":21976,"level":20,"msg":"Processed: \u001b[35msource/background/bg-1.jpg\u001b[39m","time":"2020-08-07T14:24:40.162Z","v":0}
{"name":"hexo","hostname":"ywtana","pid":21976,"level":20,"msg":"Processed: \u001b[35msource/background/bg-5.jpg\u001b[39m","time":"2020-08-07T14:24:40.165Z","v":0}
{"name":"hexo","hostname":"ywtana","pid":21976,"level":20,"msg":"Processed: \u001b[35msource/background/bg-6.jpg\u001b[39m","time":"2020-08-07T14:24:40.166Z","v":0}
{"name":"hexo","hostname":"ywtana","pid":21976,"level":20,"msg":"Processed: \u001b[35msource/background/backup/bg-1.jpg\u001b[39m","time":"2020-08-07T14:24:40.180Z","v":0}
{"name":"hexo","hostname":"ywtana","pid":21976,"level":20,"msg":"Processed: \u001b[35msource/background/backup/bg-2.jpg\u001b[39m","time":"2020-08-07T14:24:40.181Z","v":0}
{"name":"hexo","hostname":"ywtana","pid":21976,"level":20,"msg":"Processed: \u001b[35msource/background/backup/bg-3.jpg\u001b[39m","time":"2020-08-07T14:24:40.183Z","v":0}
{"name":"hexo","hostname":"ywtana","pid":21976,"level":20,"msg":"Processed: \u001b[35msource/background/backup/bg-4.jpg\u001b[39m","time":"2020-08-07T14:24:40.184Z","v":0}
{"name":"hexo","hostname":"ywtana","pid":21976,"level":20,"msg":"Processed: \u001b[35mlayout/_partial/archive-post.ejs\u001b[39m","time":"2020-08-07T14:24:40.219Z","v":0}
{"name":"hexo","hostname":"ywtana","pid":21976,"level":20,"msg":"Processed: \u001b[35mlayout/_partial/after-footer.ejs\u001b[39m","time":"2020-08-07T14:24:40.220Z","v":0}
{"name":"hexo","hostname":"ywtana","pid":21976,"level":20,"msg":"Processed: \u001b[35mlayout/_partial/archive.ejs\u001b[39m","time":"2020-08-07T14:24:40.222Z","v":0}
{"name":"hexo","hostname":"ywtana","pid":21976,"level":20,"msg":"Processed: \u001b[35mlayout/_partial/article.ejs\u001b[39m","time":"2020-08-07T14:24:40.223Z","v":0}
{"name":"hexo","hostname":"ywtana","pid":21976,"level":20,"msg":"Processed: \u001b[35mlayout/_partial/background.ejs\u001b[39m","time":"2020-08-07T14:24:40.224Z","v":0}
{"name":"hexo","hostname":"ywtana","pid":21976,"level":20,"msg":"Processed: \u001b[35mlayout/_partial/footer.ejs\u001b[39m","time":"2020-08-07T14:24:40.225Z","v":0}
{"name":"hexo","hostname":"ywtana","pid":21976,"level":20,"msg":"Processed: \u001b[35mlayout/_partial/google-analytics.ejs\u001b[39m","time":"2020-08-07T14:24:40.227Z","v":0}
{"name":"hexo","hostname":"ywtana","pid":21976,"level":20,"msg":"Processed: \u001b[35mlayout/_partial/head.ejs\u001b[39m","time":"2020-08-07T14:24:40.229Z","v":0}
{"name":"hexo","hostname":"ywtana","pid":21976,"level":20,"msg":"Processed: \u001b[35mlayout/_partial/header.ejs\u001b[39m","time":"2020-08-07T14:24:40.229Z","v":0}
{"name":"hexo","hostname":"ywtana","pid":21976,"level":20,"msg":"Processed: \u001b[35mlayout/_partial/ie-updater.ejs\u001b[39m","time":"2020-08-07T14:24:40.232Z","v":0}
{"name":"hexo","hostname":"ywtana","pid":21976,"level":20,"msg":"Processed: \u001b[35mlayout/_partial/left-col.ejs\u001b[39m","time":"2020-08-07T14:24:40.233Z","v":0}
{"name":"hexo","hostname":"ywtana","pid":21976,"level":20,"msg":"Processed: \u001b[35mlayout/_partial/mathjax.ejs\u001b[39m","time":"2020-08-07T14:24:40.234Z","v":0}
{"name":"hexo","hostname":"ywtana","pid":21976,"level":20,"msg":"Processed: \u001b[35mlayout/_partial/mobile-nav.ejs\u001b[39m","time":"2020-08-07T14:24:40.235Z","v":0}
{"name":"hexo","hostname":"ywtana","pid":21976,"level":20,"msg":"Processed: \u001b[35mlayout/_partial/open-in-new-tab.ejs\u001b[39m","time":"2020-08-07T14:24:40.237Z","v":0}
{"name":"hexo","hostname":"ywtana","pid":21976,"level":20,"msg":"Processed: \u001b[35mlayout/_partial/page.ejs\u001b[39m","time":"2020-08-07T14:24:40.238Z","v":0}
{"name":"hexo","hostname":"ywtana","pid":21976,"level":20,"msg":"Processed: \u001b[35mlayout/_partial/post-nav-button.ejs\u001b[39m","time":"2020-08-07T14:24:40.239Z","v":0}
{"name":"hexo","hostname":"ywtana","pid":21976,"level":20,"msg":"Processed: \u001b[35mlayout/_partial/scrolling-button.ejs\u001b[39m","time":"2020-08-07T14:24:40.240Z","v":0}
{"name":"hexo","hostname":"ywtana","pid":21976,"level":20,"msg":"Processed: \u001b[35mlayout/_partial/tab-title-change.ejs\u001b[39m","time":"2020-08-07T14:24:40.244Z","v":0}
{"name":"hexo","hostname":"ywtana","pid":21976,"level":20,"msg":"Processed: \u001b[35mlayout/_partial/tag-cloud-page.ejs\u001b[39m","time":"2020-08-07T14:24:40.245Z","v":0}
{"name":"hexo","hostname":"ywtana","pid":21976,"level":20,"msg":"Processed: \u001b[35mlayout/_partial/toc.ejs\u001b[39m","time":"2020-08-07T14:24:40.246Z","v":0}
{"name":"hexo","hostname":"ywtana","pid":21976,"level":20,"msg":"Processed: \u001b[35mlayout/_partial/comments/click2show.ejs\u001b[39m","time":"2020-08-07T14:24:40.256Z","v":0}
{"name":"hexo","hostname":"ywtana","pid":21976,"level":20,"msg":"Processed: \u001b[35mlayout/_partial/comments/count-comment.ejs\u001b[39m","time":"2020-08-07T14:24:40.258Z","v":0}
{"name":"hexo","hostname":"ywtana","pid":21976,"level":20,"msg":"Processed: \u001b[35mlayout/_partial/comments/disqus.ejs\u001b[39m","time":"2020-08-07T14:24:40.259Z","v":0}
{"name":"hexo","hostname":"ywtana","pid":21976,"level":20,"msg":"Processed: \u001b[35mlayout/_partial/comments/youyan.ejs\u001b[39m","time":"2020-08-07T14:24:40.261Z","v":0}
{"name":"hexo","hostname":"ywtana","pid":21976,"level":20,"msg":"Processed: \u001b[35mlayout/_partial/comments/duoshuo.ejs\u001b[39m","time":"2020-08-07T14:24:40.262Z","v":0}
{"name":"hexo","hostname":"ywtana","pid":21976,"level":20,"msg":"Processed: \u001b[35mlayout/_partial/post/category.ejs\u001b[39m","time":"2020-08-07T14:24:40.262Z","v":0}
{"name":"hexo","hostname":"ywtana","pid":21976,"level":20,"msg":"Processed: \u001b[35mlayout/_partial/post/date.ejs\u001b[39m","time":"2020-08-07T14:24:40.265Z","v":0}
{"name":"hexo","hostname":"ywtana","pid":21976,"level":20,"msg":"Processed: \u001b[35mlayout/_partial/post/nav.ejs\u001b[39m","time":"2020-08-07T14:24:40.266Z","v":0}
{"name":"hexo","hostname":"ywtana","pid":21976,"level":20,"msg":"Processed: \u001b[35mlayout/_partial/post/share.ejs\u001b[39m","time":"2020-08-07T14:24:40.267Z","v":0}
{"name":"hexo","hostname":"ywtana","pid":21976,"level":20,"msg":"Processed: \u001b[35mlayout/_partial/post/tag.ejs\u001b[39m","time":"2020-08-07T14:24:40.269Z","v":0}
{"name":"hexo","hostname":"ywtana","pid":21976,"level":20,"msg":"Processed: \u001b[35mlayout/_partial/post/title.ejs\u001b[39m","time":"2020-08-07T14:24:40.269Z","v":0}
{"name":"hexo","hostname":"ywtana","pid":21976,"level":20,"msg":"Processed: \u001b[35m_posts/hexo git/4.png\u001b[39m","time":"2020-08-07T14:24:40.282Z","v":0}
{"name":"hexo","hostname":"ywtana","pid":21976,"level":30,"msg":"Generating Baidu urls for last 10 posts","time":"2020-08-07T14:24:40.373Z","v":0}
{"name":"hexo","hostname":"ywtana","pid":21976,"level":30,"msg":"Posts urls generated in baidu_urls.txt\nhttps://smallwenzi.github.io/2020/08/07/spring源码编译/\nhttps://smallwenzi.github.io/2020/01/03/omcat-三种部署方式/\nhttps://smallwenzi.github.io/2019/11/22/bbitMq/\nhttps://smallwenzi.github.io/2019/11/22/pringSession源码（二）/\nhttps://smallwenzi.github.io/2019/11/21/SpringSession源码/\nhttps://smallwenzi.github.io/2019/11/21/tch-坑/\nhttps://smallwenzi.github.io/2019/11/21/acheHttpd日志说明/\nhttps://smallwenzi.github.io/2019/11/13/ring-session（1）/\nhttps://smallwenzi.github.io/2019/11/13/具集/\nhttps://smallwenzi.github.io/2019/11/13/ava-查看占用-CPU-最高的线程/","time":"2020-08-07T14:24:40.379Z","v":0}
{"name":"hexo","hostname":"ywtana","pid":21976,"level":20,"msg":"Generator: \u001b[35mpage\u001b[39m","time":"2020-08-07T14:24:40.726Z","v":0}
{"name":"hexo","hostname":"ywtana","pid":21976,"level":20,"msg":"Generator: \u001b[35mpost\u001b[39m","time":"2020-08-07T14:24:40.727Z","v":0}
{"name":"hexo","hostname":"ywtana","pid":21976,"level":20,"msg":"Generator: \u001b[35mbaidu_url_generator\u001b[39m","time":"2020-08-07T14:24:40.730Z","v":0}
{"name":"hexo","hostname":"ywtana","pid":21976,"level":20,"msg":"Generator: \u001b[35marchive\u001b[39m","time":"2020-08-07T14:24:40.731Z","v":0}
{"name":"hexo","hostname":"ywtana","pid":21976,"level":20,"msg":"Generator: \u001b[35mbaidusitemap\u001b[39m","time":"2020-08-07T14:24:40.733Z","v":0}
{"name":"hexo","hostname":"ywtana","pid":21976,"level":20,"msg":"Generator: \u001b[35mcategory\u001b[39m","time":"2020-08-07T14:24:40.733Z","v":0}
{"name":"hexo","hostname":"ywtana","pid":21976,"level":20,"msg":"Generator: \u001b[35mfeed\u001b[39m","time":"2020-08-07T14:24:40.735Z","v":0}
{"name":"hexo","hostname":"ywtana","pid":21976,"level":20,"msg":"Generator: \u001b[35mindex\u001b[39m","time":"2020-08-07T14:24:40.735Z","v":0}
{"name":"hexo","hostname":"ywtana","pid":21976,"level":20,"msg":"Generator: \u001b[35mjson-content\u001b[39m","time":"2020-08-07T14:24:40.737Z","v":0}
{"name":"hexo","hostname":"ywtana","pid":21976,"level":20,"msg":"Generator: \u001b[35msearch\u001b[39m","time":"2020-08-07T14:24:40.739Z","v":0}
{"name":"hexo","hostname":"ywtana","pid":21976,"level":20,"msg":"Generator: \u001b[35mtag\u001b[39m","time":"2020-08-07T14:24:40.741Z","v":0}
{"name":"hexo","hostname":"ywtana","pid":21976,"level":20,"msg":"Generator: \u001b[35masset\u001b[39m","time":"2020-08-07T14:24:40.748Z","v":0}
{"name":"hexo","hostname":"ywtana","pid":21976,"level":20,"msg":"Generator: \u001b[35msitemap\u001b[39m","time":"2020-08-07T14:24:40.764Z","v":0}
{"name":"hexo","hostname":"ywtana","pid":21976,"level":30,"msg":"Files loaded in \u001b[36m1.75 s\u001b[39m","time":"2020-08-07T14:24:40.799Z","v":0}
{"name":"hexo","hostname":"ywtana","pid":21976,"level":20,"msg":"Rendering HTML page: \u001b[35m404.html\u001b[39m","time":"2020-08-07T14:24:40.843Z","v":0}
{"name":"hexo","hostname":"ywtana","pid":21976,"level":20,"msg":"Rendering HTML page: \u001b[35mabout/index-1.html\u001b[39m","time":"2020-08-07T14:24:40.960Z","v":0}
{"name":"hexo","hostname":"ywtana","pid":21976,"level":20,"msg":"Rendering HTML page: \u001b[35mabout/index.html\u001b[39m","time":"2020-08-07T14:24:40.971Z","v":0}
{"name":"hexo","hostname":"ywtana","pid":21976,"level":20,"msg":"Rendering HTML page: \u001b[35mtags/index.html\u001b[39m","time":"2020-08-07T14:24:40.989Z","v":0}
{"name":"hexo","hostname":"ywtana","pid":21976,"level":20,"msg":"Rendering HTML post: \u001b[35m2020/08/07/spring源码编译/index.html\u001b[39m","time":"2020-08-07T14:24:41.034Z","v":0}
{"name":"hexo","hostname":"ywtana","pid":21976,"level":20,"msg":"Rendering HTML post: \u001b[35m2020/01/03/omcat-三种部署方式/index.html\u001b[39m","time":"2020-08-07T14:24:41.078Z","v":0}
{"name":"hexo","hostname":"ywtana","pid":21976,"level":20,"msg":"Rendering HTML post: \u001b[35m2019/11/22/bbitMq/index.html\u001b[39m","time":"2020-08-07T14:24:41.101Z","v":0}
{"name":"hexo","hostname":"ywtana","pid":21976,"level":20,"msg":"Rendering HTML post: \u001b[35m2019/11/22/pringSession源码（二）/index.html\u001b[39m","time":"2020-08-07T14:24:41.131Z","v":0}
{"name":"hexo","hostname":"ywtana","pid":21976,"level":20,"msg":"Rendering HTML post: \u001b[35m2019/11/21/SpringSession源码/index.html\u001b[39m","time":"2020-08-07T14:24:41.187Z","v":0}
{"name":"hexo","hostname":"ywtana","pid":21976,"level":20,"msg":"Rendering HTML post: \u001b[35m2019/11/21/tch-坑/index.html\u001b[39m","time":"2020-08-07T14:24:41.236Z","v":0}
{"name":"hexo","hostname":"ywtana","pid":21976,"level":20,"msg":"Rendering HTML post: \u001b[35m2019/11/21/acheHttpd日志说明/index.html\u001b[39m","time":"2020-08-07T14:24:41.250Z","v":0}
{"name":"hexo","hostname":"ywtana","pid":21976,"level":20,"msg":"Rendering HTML post: \u001b[35m2019/11/13/ring-session（1）/index.html\u001b[39m","time":"2020-08-07T14:24:41.266Z","v":0}
{"name":"hexo","hostname":"ywtana","pid":21976,"level":20,"msg":"Rendering HTML post: \u001b[35m2019/11/13/具集/index.html\u001b[39m","time":"2020-08-07T14:24:41.294Z","v":0}
{"name":"hexo","hostname":"ywtana","pid":21976,"level":20,"msg":"Rendering HTML post: \u001b[35m2019/11/13/ava-查看占用-CPU-最高的线程/index.html\u001b[39m","time":"2020-08-07T14:24:41.310Z","v":0}
{"name":"hexo","hostname":"ywtana","pid":21976,"level":20,"msg":"Rendering HTML post: \u001b[35m2019/05/29/ring-config-bus/index.html\u001b[39m","time":"2020-08-07T14:24:41.322Z","v":0}
{"name":"hexo","hostname":"ywtana","pid":21976,"level":20,"msg":"Rendering HTML post: \u001b[35m2019/05/29/pring-admin配置/index.html\u001b[39m","time":"2020-08-07T14:24:41.337Z","v":0}
{"name":"hexo","hostname":"ywtana","pid":21976,"level":20,"msg":"Rendering HTML post: \u001b[35m2019/05/29/rabbitmq-队列信息/index.html\u001b[39m","time":"2020-08-07T14:24:41.366Z","v":0}
{"name":"hexo","hostname":"ywtana","pid":21976,"level":20,"msg":"Rendering HTML post: \u001b[35m2019/05/29/sttemplate-问题/index.html\u001b[39m","time":"2020-08-07T14:24:41.382Z","v":0}
{"name":"hexo","hostname":"ywtana","pid":21976,"level":20,"msg":"Rendering HTML post: \u001b[35m2019/05/06/A问题/index.html\u001b[39m","time":"2020-08-07T14:24:41.397Z","v":0}
{"name":"hexo","hostname":"ywtana","pid":21976,"level":20,"msg":"Rendering HTML post: \u001b[35m2018/10/14/windows下atom上搭建PlantUML书写环境/index.html\u001b[39m","time":"2020-08-07T14:24:41.410Z","v":0}
{"name":"hexo","hostname":"ywtana","pid":21976,"level":20,"msg":"Rendering HTML post: \u001b[35m2018/10/14/olr的主从模式Master-Slave/index.html\u001b[39m","time":"2020-08-07T14:24:41.423Z","v":0}
{"name":"hexo","hostname":"ywtana","pid":21976,"level":20,"msg":"Rendering HTML post: \u001b[35m2018/10/13/lr教程/index.html\u001b[39m","time":"2020-08-07T14:24:41.442Z","v":0}
{"name":"hexo","hostname":"ywtana","pid":21976,"level":20,"msg":"Rendering HTML post: \u001b[35m2018/06/11/docker的使用/index.html\u001b[39m","time":"2020-08-07T14:24:41.456Z","v":0}
{"name":"hexo","hostname":"ywtana","pid":21976,"level":20,"msg":"Rendering HTML post: \u001b[35m2018/05/11/-jenkins-配置maven打包git代码/index.html\u001b[39m","time":"2020-08-07T14:24:41.468Z","v":0}
{"name":"hexo","hostname":"ywtana","pid":21976,"level":20,"msg":"Rendering HTML post: \u001b[35m2018/05/11/-jenkins-配置git证书/index.html\u001b[39m","time":"2020-08-07T14:24:41.483Z","v":0}
{"name":"hexo","hostname":"ywtana","pid":21976,"level":20,"msg":"Rendering HTML post: \u001b[35m2018/05/11/enkinx-配置任务/index.html\u001b[39m","time":"2020-08-07T14:24:41.505Z","v":0}
{"name":"hexo","hostname":"ywtana","pid":21976,"level":20,"msg":"Rendering HTML post: \u001b[35m2018/05/11/九-linux配置java和maven/index.html\u001b[39m","time":"2020-08-07T14:24:41.518Z","v":0}
{"name":"hexo","hostname":"ywtana","pid":21976,"level":20,"msg":"Rendering HTML post: \u001b[35m2018/05/08/安装jenkins/index.html\u001b[39m","time":"2020-08-07T14:24:41.531Z","v":0}
{"name":"hexo","hostname":"ywtana","pid":21976,"level":20,"msg":"Rendering HTML post: \u001b[35m2018/05/08/ring-cloud-docker-git-maven-jenkins-Kubernetes-目录/index.html\u001b[39m","time":"2020-08-07T14:24:41.545Z","v":0}
{"name":"hexo","hostname":"ywtana","pid":21976,"level":20,"msg":"Rendering HTML post: \u001b[35m2018/05/08/七）maven-build-docker-and-push-Image/index.html\u001b[39m","time":"2020-08-07T14:24:41.559Z","v":0}
{"name":"hexo","hostname":"ywtana","pid":21976,"level":20,"msg":"Rendering HTML post: \u001b[35m2018/05/08/ocker-mysql/index.html\u001b[39m","time":"2020-08-07T14:24:41.574Z","v":0}
{"name":"hexo","hostname":"ywtana","pid":21976,"level":20,"msg":"Rendering HTML post: \u001b[35m2018/05/08/（六）docker安装本地仓库（root用户）/index.html\u001b[39m","time":"2020-08-07T14:24:41.588Z","v":0}
{"name":"hexo","hostname":"ywtana","pid":21976,"level":20,"msg":"Rendering HTML post: \u001b[35m2018/05/08/）更新docker-版本（root用户）/index.html\u001b[39m","time":"2020-08-07T14:24:41.624Z","v":0}
{"name":"hexo","hostname":"ywtana","pid":21976,"level":20,"msg":"Rendering HTML post: \u001b[35m2018/05/08/（四）安装docker（root用户）/index.html\u001b[39m","time":"2020-08-07T14:24:41.637Z","v":0}
{"name":"hexo","hostname":"ywtana","pid":21976,"level":20,"msg":"Rendering HTML post: \u001b[35m2018/05/08/三）linux-安装-GIT（root用户）/index.html\u001b[39m","time":"2020-08-07T14:24:41.653Z","v":0}
{"name":"hexo","hostname":"ywtana","pid":21976,"level":20,"msg":"Rendering HTML post: \u001b[35m2018/05/08/Red-Hat-升级-rpm软件、YUM软件（root用户）/index.html\u001b[39m","time":"2020-08-07T14:24:41.673Z","v":0}
{"name":"hexo","hostname":"ywtana","pid":21976,"level":20,"msg":"Rendering HTML post: \u001b[35m2018/05/08/）oracle-VM安装red-hat-liunx/index.html\u001b[39m","time":"2020-08-07T14:24:41.689Z","v":0}
{"name":"hexo","hostname":"ywtana","pid":21976,"level":20,"msg":"Rendering HTML post: \u001b[35m2018/05/08/hymeleaf学习的坑/index.html\u001b[39m","time":"2020-08-07T14:24:41.705Z","v":0}
{"name":"hexo","hostname":"ywtana","pid":21976,"level":20,"msg":"Rendering HTML post: \u001b[35m2018/05/08/那些提升开发人员工作效率的在线工具/index.html\u001b[39m","time":"2020-08-07T14:24:41.719Z","v":0}
{"name":"hexo","hostname":"ywtana","pid":21976,"level":20,"msg":"Rendering HTML post: \u001b[35m2018/05/08/升工作效率/index.html\u001b[39m","time":"2020-08-07T14:24:41.733Z","v":0}
{"name":"hexo","hostname":"ywtana","pid":21976,"level":20,"msg":"Rendering HTML post: \u001b[35m2017/03/06/tepad-compare/index.html\u001b[39m","time":"2020-08-07T14:24:41.745Z","v":0}
{"name":"hexo","hostname":"ywtana","pid":21976,"level":20,"msg":"Rendering HTML post: \u001b[35m2017/02/28/gtmetix/index.html\u001b[39m","time":"2020-08-07T14:24:41.756Z","v":0}
{"name":"hexo","hostname":"ywtana","pid":21976,"level":20,"msg":"Rendering HTML post: \u001b[35m2017/02/20/Singleton/index.html\u001b[39m","time":"2020-08-07T14:24:41.786Z","v":0}
{"name":"hexo","hostname":"ywtana","pid":21976,"level":20,"msg":"Rendering HTML post: \u001b[35m2017/02/20/hexo git/index.html\u001b[39m","time":"2020-08-07T14:24:41.823Z","v":0}
{"name":"hexo","hostname":"ywtana","pid":21976,"level":20,"msg":"Rendering HTML archive: \u001b[35marchives/index.html\u001b[39m","time":"2020-08-07T14:24:41.838Z","v":0}
{"name":"hexo","hostname":"ywtana","pid":21976,"level":20,"msg":"Rendering HTML archive: \u001b[35marchives/page/2/index.html\u001b[39m","time":"2020-08-07T14:24:41.888Z","v":0}
{"name":"hexo","hostname":"ywtana","pid":21976,"level":20,"msg":"Rendering HTML archive: \u001b[35marchives/page/3/index.html\u001b[39m","time":"2020-08-07T14:24:41.956Z","v":0}
{"name":"hexo","hostname":"ywtana","pid":21976,"level":20,"msg":"Rendering HTML archive: \u001b[35marchives/page/4/index.html\u001b[39m","time":"2020-08-07T14:24:42.009Z","v":0}
{"name":"hexo","hostname":"ywtana","pid":21976,"level":20,"msg":"Rendering HTML archive: \u001b[35marchives/2017/index.html\u001b[39m","time":"2020-08-07T14:24:42.059Z","v":0}
{"name":"hexo","hostname":"ywtana","pid":21976,"level":20,"msg":"Rendering HTML archive: \u001b[35marchives/2017/02/index.html\u001b[39m","time":"2020-08-07T14:24:42.079Z","v":0}
{"name":"hexo","hostname":"ywtana","pid":21976,"level":20,"msg":"Rendering HTML archive: \u001b[35marchives/2017/03/index.html\u001b[39m","time":"2020-08-07T14:24:42.096Z","v":0}
{"name":"hexo","hostname":"ywtana","pid":21976,"level":20,"msg":"Rendering HTML archive: \u001b[35marchives/2018/index.html\u001b[39m","time":"2020-08-07T14:24:42.102Z","v":0}
{"name":"hexo","hostname":"ywtana","pid":21976,"level":20,"msg":"Rendering HTML archive: \u001b[35marchives/2018/page/2/index.html\u001b[39m","time":"2020-08-07T14:24:42.165Z","v":0}
{"name":"hexo","hostname":"ywtana","pid":21976,"level":20,"msg":"Rendering HTML archive: \u001b[35marchives/2018/page/3/index.html\u001b[39m","time":"2020-08-07T14:24:42.213Z","v":0}
{"name":"hexo","hostname":"ywtana","pid":21976,"level":20,"msg":"Rendering HTML archive: \u001b[35marchives/2018/05/index.html\u001b[39m","time":"2020-08-07T14:24:42.220Z","v":0}
{"name":"hexo","hostname":"ywtana","pid":21976,"level":20,"msg":"Rendering HTML archive: \u001b[35marchives/2018/05/page/2/index.html\u001b[39m","time":"2020-08-07T14:24:42.270Z","v":0}
{"name":"hexo","hostname":"ywtana","pid":21976,"level":20,"msg":"Rendering HTML archive: \u001b[35marchives/2018/06/index.html\u001b[39m","time":"2020-08-07T14:24:42.308Z","v":0}
{"name":"hexo","hostname":"ywtana","pid":21976,"level":20,"msg":"Rendering HTML archive: \u001b[35marchives/2018/10/index.html\u001b[39m","time":"2020-08-07T14:24:42.314Z","v":0}
{"name":"hexo","hostname":"ywtana","pid":21976,"level":20,"msg":"Rendering HTML archive: \u001b[35marchives/2019/index.html\u001b[39m","time":"2020-08-07T14:24:42.329Z","v":0}
{"name":"hexo","hostname":"ywtana","pid":21976,"level":20,"msg":"Rendering HTML archive: \u001b[35marchives/2019/page/2/index.html\u001b[39m","time":"2020-08-07T14:24:42.390Z","v":0}
{"name":"hexo","hostname":"ywtana","pid":21976,"level":20,"msg":"Rendering HTML archive: \u001b[35marchives/2019/05/index.html\u001b[39m","time":"2020-08-07T14:24:42.406Z","v":0}
{"name":"hexo","hostname":"ywtana","pid":21976,"level":20,"msg":"Rendering HTML archive: \u001b[35marchives/2019/11/index.html\u001b[39m","time":"2020-08-07T14:24:42.438Z","v":0}
{"name":"hexo","hostname":"ywtana","pid":21976,"level":20,"msg":"Rendering HTML archive: \u001b[35marchives/2020/index.html\u001b[39m","time":"2020-08-07T14:24:42.474Z","v":0}
{"name":"hexo","hostname":"ywtana","pid":21976,"level":20,"msg":"Rendering HTML archive: \u001b[35marchives/2020/01/index.html\u001b[39m","time":"2020-08-07T14:24:42.484Z","v":0}
{"name":"hexo","hostname":"ywtana","pid":21976,"level":20,"msg":"Rendering HTML archive: \u001b[35marchives/2020/08/index.html\u001b[39m","time":"2020-08-07T14:24:42.489Z","v":0}
{"name":"hexo","hostname":"ywtana","pid":21976,"level":20,"msg":"Rendering HTML category: \u001b[35mcategories/jenkins/index.html\u001b[39m","time":"2020-08-07T14:24:42.498Z","v":0}
{"name":"hexo","hostname":"ywtana","pid":21976,"level":20,"msg":"Rendering HTML category: \u001b[35mcategories/spring-cloud/index.html\u001b[39m","time":"2020-08-07T14:24:42.520Z","v":0}
{"name":"hexo","hostname":"ywtana","pid":21976,"level":20,"msg":"Rendering HTML category: \u001b[35mcategories/linux/index.html\u001b[39m","time":"2020-08-07T14:24:42.544Z","v":0}
{"name":"hexo","hostname":"ywtana","pid":21976,"level":20,"msg":"Rendering HTML category: \u001b[35mcategories/java/index.html\u001b[39m","time":"2020-08-07T14:24:42.554Z","v":0}
{"name":"hexo","hostname":"ywtana","pid":21976,"level":20,"msg":"Rendering HTML category: \u001b[35mcategories/spring/index.html\u001b[39m","time":"2020-08-07T14:24:42.565Z","v":0}
{"name":"hexo","hostname":"ywtana","pid":21976,"level":20,"msg":"Rendering HTML category: \u001b[35mcategories/apache/index.html\u001b[39m","time":"2020-08-07T14:24:42.578Z","v":0}
{"name":"hexo","hostname":"ywtana","pid":21976,"level":20,"msg":"Rendering HTML category: \u001b[35mcategories/RabbitMq/index.html\u001b[39m","time":"2020-08-07T14:24:42.583Z","v":0}
{"name":"hexo","hostname":"ywtana","pid":21976,"level":20,"msg":"Rendering HTML category: \u001b[35mcategories/docker/index.html\u001b[39m","time":"2020-08-07T14:24:42.589Z","v":0}
{"name":"hexo","hostname":"ywtana","pid":21976,"level":20,"msg":"Rendering HTML category: \u001b[35mcategories/性能优化/index.html\u001b[39m","time":"2020-08-07T14:24:42.605Z","v":0}
{"name":"hexo","hostname":"ywtana","pid":21976,"level":20,"msg":"Rendering HTML category: \u001b[35mcategories/hexo/index.html\u001b[39m","time":"2020-08-07T14:24:42.614Z","v":0}
{"name":"hexo","hostname":"ywtana","pid":21976,"level":20,"msg":"Rendering HTML category: \u001b[35mcategories/java/设计模式/index.html\u001b[39m","time":"2020-08-07T14:24:42.622Z","v":0}
{"name":"hexo","hostname":"ywtana","pid":21976,"level":20,"msg":"Rendering HTML category: \u001b[35mcategories/solr/index.html\u001b[39m","time":"2020-08-07T14:24:42.633Z","v":0}
{"name":"hexo","hostname":"ywtana","pid":21976,"level":20,"msg":"Rendering HTML category: \u001b[35mcategories/spring/spring-boot/index.html\u001b[39m","time":"2020-08-07T14:24:42.648Z","v":0}
{"name":"hexo","hostname":"ywtana","pid":21976,"level":20,"msg":"Rendering HTML category: \u001b[35mcategories/RabbitMq/消息队列/index.html\u001b[39m","time":"2020-08-07T14:24:42.655Z","v":0}
{"name":"hexo","hostname":"ywtana","pid":21976,"level":20,"msg":"Rendering HTML category: \u001b[35mcategories/springsession/index.html\u001b[39m","time":"2020-08-07T14:24:42.661Z","v":0}
{"name":"hexo","hostname":"ywtana","pid":21976,"level":20,"msg":"Rendering HTML category: \u001b[35mcategories/Spring/index.html\u001b[39m","time":"2020-08-07T14:24:42.667Z","v":0}
{"name":"hexo","hostname":"ywtana","pid":21976,"level":20,"msg":"Rendering HTML category: \u001b[35mcategories/atom/index.html\u001b[39m","time":"2020-08-07T14:24:42.673Z","v":0}
{"name":"hexo","hostname":"ywtana","pid":21976,"level":20,"msg":"Rendering HTML category: \u001b[35mcategories/git/index.html\u001b[39m","time":"2020-08-07T14:24:42.680Z","v":0}
{"name":"hexo","hostname":"ywtana","pid":21976,"level":20,"msg":"Rendering HTML category: \u001b[35mcategories/tools/index.html\u001b[39m","time":"2020-08-07T14:24:42.686Z","v":0}
{"name":"hexo","hostname":"ywtana","pid":21976,"level":20,"msg":"Rendering HTML category: \u001b[35mcategories/work/index.html\u001b[39m","time":"2020-08-07T14:24:42.692Z","v":0}
{"name":"hexo","hostname":"ywtana","pid":21976,"level":20,"msg":"Rendering HTML category: \u001b[35mcategories/Spring/Spring-boot/index.html\u001b[39m","time":"2020-08-07T14:24:42.704Z","v":0}
{"name":"hexo","hostname":"ywtana","pid":21976,"level":20,"msg":"Rendering HTML index: \u001b[35mindex.html\u001b[39m","time":"2020-08-07T14:24:42.713Z","v":0}
{"name":"hexo","hostname":"ywtana","pid":21976,"level":20,"msg":"Rendering HTML index: \u001b[35mpage/2/index.html\u001b[39m","time":"2020-08-07T14:24:42.795Z","v":0}
{"name":"hexo","hostname":"ywtana","pid":21976,"level":20,"msg":"Rendering HTML index: \u001b[35mpage/3/index.html\u001b[39m","time":"2020-08-07T14:24:42.883Z","v":0}
{"name":"hexo","hostname":"ywtana","pid":21976,"level":20,"msg":"Rendering HTML index: \u001b[35mpage/4/index.html\u001b[39m","time":"2020-08-07T14:24:42.961Z","v":0}
{"name":"hexo","hostname":"ywtana","pid":21976,"level":20,"msg":"Rendering HTML tag: \u001b[35mtags/jenkins/index.html\u001b[39m","time":"2020-08-07T14:24:43.025Z","v":0}
{"name":"hexo","hostname":"ywtana","pid":21976,"level":20,"msg":"Rendering HTML tag: \u001b[35mtags/git/index.html\u001b[39m","time":"2020-08-07T14:24:43.047Z","v":0}
{"name":"hexo","hostname":"ywtana","pid":21976,"level":20,"msg":"Rendering HTML tag: \u001b[35mtags/maven/index.html\u001b[39m","time":"2020-08-07T14:24:43.072Z","v":0}
{"name":"hexo","hostname":"ywtana","pid":21976,"level":20,"msg":"Rendering HTML tag: \u001b[35mtags/docker/index.html\u001b[39m","time":"2020-08-07T14:24:43.097Z","v":0}
{"name":"hexo","hostname":"ywtana","pid":21976,"level":20,"msg":"Rendering HTML tag: \u001b[35mtags/jpa/index.html\u001b[39m","time":"2020-08-07T14:24:43.137Z","v":0}
{"name":"hexo","hostname":"ywtana","pid":21976,"level":20,"msg":"Rendering HTML tag: \u001b[35mtags/linux/index.html\u001b[39m","time":"2020-08-07T14:24:43.145Z","v":0}
{"name":"hexo","hostname":"ywtana","pid":21976,"level":20,"msg":"Rendering HTML tag: \u001b[35mtags/rpm/index.html\u001b[39m","time":"2020-08-07T14:24:43.151Z","v":0}
{"name":"hexo","hostname":"ywtana","pid":21976,"level":20,"msg":"Rendering HTML tag: \u001b[35mtags/yum/index.html\u001b[39m","time":"2020-08-07T14:24:43.160Z","v":0}
{"name":"hexo","hostname":"ywtana","pid":21976,"level":20,"msg":"Rendering HTML tag: \u001b[35mtags/java/index.html\u001b[39m","time":"2020-08-07T14:24:43.166Z","v":0}
{"name":"hexo","hostname":"ywtana","pid":21976,"level":20,"msg":"Rendering HTML tag: \u001b[35mtags/单例模式/index.html\u001b[39m","time":"2020-08-07T14:24:43.185Z","v":0}
{"name":"hexo","hostname":"ywtana","pid":21976,"level":20,"msg":"Rendering HTML tag: \u001b[35mtags/设计模式/index.html\u001b[39m","time":"2020-08-07T14:24:43.195Z","v":0}
{"name":"hexo","hostname":"ywtana","pid":21976,"level":20,"msg":"Rendering HTML tag: \u001b[35mtags/线程/index.html\u001b[39m","time":"2020-08-07T14:24:43.201Z","v":0}
{"name":"hexo","hostname":"ywtana","pid":21976,"level":20,"msg":"Rendering HTML tag: \u001b[35mtags/springsession/index.html\u001b[39m","time":"2020-08-07T14:24:43.207Z","v":0}
{"name":"hexo","hostname":"ywtana","pid":21976,"level":20,"msg":"Rendering HTML tag: \u001b[35mtags/session/index.html\u001b[39m","time":"2020-08-07T14:24:43.218Z","v":0}
{"name":"hexo","hostname":"ywtana","pid":21976,"level":20,"msg":"Rendering HTML tag: \u001b[35mtags/httpd/index.html\u001b[39m","time":"2020-08-07T14:24:43.232Z","v":0}
{"name":"hexo","hostname":"ywtana","pid":21976,"level":20,"msg":"Rendering HTML tag: \u001b[35mtags/RabbitMq/index.html\u001b[39m","time":"2020-08-07T14:24:43.239Z","v":0}
{"name":"hexo","hostname":"ywtana","pid":21976,"level":20,"msg":"Rendering HTML tag: \u001b[35mtags/消息队列/index.html\u001b[39m","time":"2020-08-07T14:24:43.245Z","v":0}
{"name":"hexo","hostname":"ywtana","pid":21976,"level":20,"msg":"Rendering HTML tag: \u001b[35mtags/性能优化/index.html\u001b[39m","time":"2020-08-07T14:24:43.257Z","v":0}
{"name":"hexo","hostname":"ywtana","pid":21976,"level":20,"msg":"Rendering HTML tag: \u001b[35mtags/hexo/index.html\u001b[39m","time":"2020-08-07T14:24:43.265Z","v":0}
{"name":"hexo","hostname":"ywtana","pid":21976,"level":20,"msg":"Rendering HTML tag: \u001b[35mtags/githubpage/index.html\u001b[39m","time":"2020-08-07T14:24:43.271Z","v":0}
{"name":"hexo","hostname":"ywtana","pid":21976,"level":20,"msg":"Rendering HTML tag: \u001b[35mtags/hexo-admin/index.html\u001b[39m","time":"2020-08-07T14:24:43.332Z","v":0}
{"name":"hexo","hostname":"ywtana","pid":21976,"level":20,"msg":"Rendering HTML tag: \u001b[35mtags/thymeleaf/index.html\u001b[39m","time":"2020-08-07T14:24:43.354Z","v":0}
{"name":"hexo","hostname":"ywtana","pid":21976,"level":20,"msg":"Rendering HTML tag: \u001b[35mtags/mysql/index.html\u001b[39m","time":"2020-08-07T14:24:43.381Z","v":0}
{"name":"hexo","hostname":"ywtana","pid":21976,"level":20,"msg":"Rendering HTML tag: \u001b[35mtags/solr/index.html\u001b[39m","time":"2020-08-07T14:24:43.408Z","v":0}
{"name":"hexo","hostname":"ywtana","pid":21976,"level":20,"msg":"Rendering HTML tag: \u001b[35mtags/solr-master/index.html\u001b[39m","time":"2020-08-07T14:24:43.449Z","v":0}
{"name":"hexo","hostname":"ywtana","pid":21976,"level":20,"msg":"Rendering HTML tag: \u001b[35mtags/solr-slave/index.html\u001b[39m","time":"2020-08-07T14:24:43.478Z","v":0}
{"name":"hexo","hostname":"ywtana","pid":21976,"level":20,"msg":"Rendering HTML tag: \u001b[35mtags/tomcat/index.html\u001b[39m","time":"2020-08-07T14:24:43.493Z","v":0}
{"name":"hexo","hostname":"ywtana","pid":21976,"level":20,"msg":"Rendering HTML tag: \u001b[35mtags/springAdmin/index.html\u001b[39m","time":"2020-08-07T14:24:43.503Z","v":0}
{"name":"hexo","hostname":"ywtana","pid":21976,"level":20,"msg":"Rendering HTML tag: \u001b[35mtags/spring-cloud/index.html\u001b[39m","time":"2020-08-07T14:24:43.516Z","v":0}
{"name":"hexo","hostname":"ywtana","pid":21976,"level":20,"msg":"Rendering HTML tag: \u001b[35mtags/rabbitMq/index.html\u001b[39m","time":"2020-08-07T14:24:43.613Z","v":0}
{"name":"hexo","hostname":"ywtana","pid":21976,"level":20,"msg":"Rendering HTML tag: \u001b[35mtags/spring-config/index.html\u001b[39m","time":"2020-08-07T14:24:43.636Z","v":0}
{"name":"hexo","hostname":"ywtana","pid":21976,"level":20,"msg":"Rendering HTML tag: \u001b[35mtags/spring/index.html\u001b[39m","time":"2020-08-07T14:24:43.653Z","v":0}
{"name":"hexo","hostname":"ywtana","pid":21976,"level":20,"msg":"Rendering HTML tag: \u001b[35mtags/源码/index.html\u001b[39m","time":"2020-08-07T14:24:43.672Z","v":0}
{"name":"hexo","hostname":"ywtana","pid":21976,"level":20,"msg":"Rendering HTML tag: \u001b[35mtags/resttemplate/index.html\u001b[39m","time":"2020-08-07T14:24:43.698Z","v":0}
{"name":"hexo","hostname":"ywtana","pid":21976,"level":20,"msg":"Rendering HTML tag: \u001b[35mtags/nutch/index.html\u001b[39m","time":"2020-08-07T14:24:43.721Z","v":0}
{"name":"hexo","hostname":"ywtana","pid":21976,"level":20,"msg":"Rendering HTML tag: \u001b[35mtags/notepad/index.html\u001b[39m","time":"2020-08-07T14:24:43.740Z","v":0}
{"name":"hexo","hostname":"ywtana","pid":21976,"level":20,"msg":"Rendering HTML tag: \u001b[35mtags/plantuml/index.html\u001b[39m","time":"2020-08-07T14:24:43.758Z","v":0}
{"name":"hexo","hostname":"ywtana","pid":21976,"level":20,"msg":"Rendering HTML tag: \u001b[35mtags/atom/index.html\u001b[39m","time":"2020-08-07T14:24:43.778Z","v":0}
{"name":"hexo","hostname":"ywtana","pid":21976,"level":20,"msg":"Rendering HTML tag: \u001b[35mtags/工具/index.html\u001b[39m","time":"2020-08-07T14:24:43.800Z","v":0}
{"name":"hexo","hostname":"ywtana","pid":21976,"level":20,"msg":"Rendering HTML tag: \u001b[35mtags/工作效率/index.html\u001b[39m","time":"2020-08-07T14:24:43.835Z","v":0}
{"name":"hexo","hostname":"ywtana","pid":21976,"level":20,"msg":"Rendering HTML tag: \u001b[35mtags/work/index.html\u001b[39m","time":"2020-08-07T14:24:43.857Z","v":0}
{"name":"hexo","hostname":"ywtana","pid":21976,"level":20,"msg":"Rendering HTML tag: \u001b[35mtags/工作/index.html\u001b[39m","time":"2020-08-07T14:24:43.890Z","v":0}
{"name":"hexo","hostname":"ywtana","pid":21976,"level":20,"msg":"Rendering HTML tag: \u001b[35mtags/tools/index.html\u001b[39m","time":"2020-08-07T14:24:43.937Z","v":0}
{"name":"hexo","hostname":"ywtana","pid":21976,"level":20,"msg":"Rendering HTML tag: \u001b[35mtags/red-hat-Linux/index.html\u001b[39m","time":"2020-08-07T14:24:43.948Z","v":0}
{"name":"hexo","hostname":"ywtana","pid":21976,"level":30,"msg":"0 files generated in \u001b[36m5.2 s\u001b[39m","time":"2020-08-07T14:24:45.996Z","v":0}
{"name":"hexo","hostname":"ywtana","pid":21976,"level":20,"msg":"Database saved","time":"2020-08-07T14:24:46.042Z","v":0}
